<?xml version="1.0" encoding="UTF-8"?>
<testsuite xmlns:xsi="http://www.w3.org/2001/XMLSchema-instance" xsi:noNamespaceSchemaLocation="https://maven.apache.org/surefire/maven-surefire-plugin/xsd/surefire-test-report.xsd" version="3.0.1" name="com.sauceDemo.app.AppTest" time="6.396" tests="1" errors="0" skipped="0" failures="0">
  <properties>
    <property name="java.specification.version" value="21"/>
    <property name="sun.jnu.encoding" value="UTF-8"/>
    <property name="java.class.path" value="/Users/sharatechnologieslimited/Documents/Testing/selenium/target/test-classes:/Users/sharatechnologieslimited/Documents/Testing/selenium/target/classes:/Users/sharatechnologieslimited/.m2/repository/org/junit/jupiter/junit-jupiter-api/5.11.0/junit-jupiter-api-5.11.0.jar:/Users/sharatechnologieslimited/.m2/repository/org/opentest4j/opentest4j/1.3.0/opentest4j-1.3.0.jar:/Users/sharatechnologieslimited/.m2/repository/org/junit/platform/junit-platform-commons/1.11.0/junit-platform-commons-1.11.0.jar:/Users/sharatechnologieslimited/.m2/repository/org/apiguardian/apiguardian-api/1.1.2/apiguardian-api-1.1.2.jar:/Users/sharatechnologieslimited/.m2/repository/org/junit/jupiter/junit-jupiter-params/5.11.0/junit-jupiter-params-5.11.0.jar:/Users/sharatechnologieslimited/.m2/repository/org/seleniumhq/selenium/selenium-java/3.141.0/selenium-java-3.141.0.jar:/Users/sharatechnologieslimited/.m2/repository/org/seleniumhq/selenium/selenium-api/3.141.0/selenium-api-3.141.0.jar:/Users/sharatechnologieslimited/.m2/repository/org/seleniumhq/selenium/selenium-chrome-driver/3.141.0/selenium-chrome-driver-3.141.0.jar:/Users/sharatechnologieslimited/.m2/repository/org/seleniumhq/selenium/selenium-edge-driver/3.141.0/selenium-edge-driver-3.141.0.jar:/Users/sharatechnologieslimited/.m2/repository/org/seleniumhq/selenium/selenium-firefox-driver/3.141.0/selenium-firefox-driver-3.141.0.jar:/Users/sharatechnologieslimited/.m2/repository/org/seleniumhq/selenium/selenium-ie-driver/3.141.0/selenium-ie-driver-3.141.0.jar:/Users/sharatechnologieslimited/.m2/repository/org/seleniumhq/selenium/selenium-opera-driver/3.141.0/selenium-opera-driver-3.141.0.jar:/Users/sharatechnologieslimited/.m2/repository/org/seleniumhq/selenium/selenium-remote-driver/3.141.0/selenium-remote-driver-3.141.0.jar:/Users/sharatechnologieslimited/.m2/repository/org/seleniumhq/selenium/selenium-safari-driver/3.141.0/selenium-safari-driver-3.141.0.jar:/Users/sharatechnologieslimited/.m2/repository/org/seleniumhq/selenium/selenium-support/3.141.0/selenium-support-3.141.0.jar:/Users/sharatechnologieslimited/.m2/repository/net/bytebuddy/byte-buddy/1.8.15/byte-buddy-1.8.15.jar:/Users/sharatechnologieslimited/.m2/repository/org/apache/commons/commons-exec/1.3/commons-exec-1.3.jar:/Users/sharatechnologieslimited/.m2/repository/com/google/guava/guava/25.0-jre/guava-25.0-jre.jar:/Users/sharatechnologieslimited/.m2/repository/com/google/code/findbugs/jsr305/1.3.9/jsr305-1.3.9.jar:/Users/sharatechnologieslimited/.m2/repository/org/checkerframework/checker-compat-qual/2.0.0/checker-compat-qual-2.0.0.jar:/Users/sharatechnologieslimited/.m2/repository/com/google/errorprone/error_prone_annotations/2.1.3/error_prone_annotations-2.1.3.jar:/Users/sharatechnologieslimited/.m2/repository/com/google/j2objc/j2objc-annotations/1.1/j2objc-annotations-1.1.jar:/Users/sharatechnologieslimited/.m2/repository/org/codehaus/mojo/animal-sniffer-annotations/1.14/animal-sniffer-annotations-1.14.jar:/Users/sharatechnologieslimited/.m2/repository/com/squareup/okhttp3/okhttp/3.11.0/okhttp-3.11.0.jar:/Users/sharatechnologieslimited/.m2/repository/com/squareup/okio/okio/1.14.0/okio-1.14.0.jar:"/>
    <property name="java.vm.vendor" value="Eclipse Adoptium"/>
    <property name="sun.arch.data.model" value="64"/>
    <property name="java.vendor.url" value="https://adoptium.net/"/>
    <property name="user.timezone" value="Africa/Nairobi"/>
    <property name="os.name" value="Mac OS X"/>
    <property name="java.vm.specification.version" value="21"/>
    <property name="sun.java.launcher" value="SUN_STANDARD"/>
    <property name="user.country" value="GB"/>
    <property name="sun.boot.library.path" value="/Library/Java/JavaVirtualMachines/temurin-21.jdk/Contents/Home/lib"/>
    <property name="sun.java.command" value="/Users/sharatechnologieslimited/Documents/Testing/selenium/target/surefire/surefirebooter-20250520125002926_3.jar /Users/sharatechnologieslimited/Documents/Testing/selenium/target/surefire 2025-05-20T12-50-02_844-jvmRun1 surefire-20250520125002926_1tmp surefire_0-20250520125002926_2tmp"/>
    <property name="http.nonProxyHosts" value="local|*.local|169.254/16|*.169.254/16"/>
    <property name="jdk.debug" value="release"/>
    <property name="surefire.test.class.path" value="/Users/sharatechnologieslimited/Documents/Testing/selenium/target/test-classes:/Users/sharatechnologieslimited/Documents/Testing/selenium/target/classes:/Users/sharatechnologieslimited/.m2/repository/org/junit/jupiter/junit-jupiter-api/5.11.0/junit-jupiter-api-5.11.0.jar:/Users/sharatechnologieslimited/.m2/repository/org/opentest4j/opentest4j/1.3.0/opentest4j-1.3.0.jar:/Users/sharatechnologieslimited/.m2/repository/org/junit/platform/junit-platform-commons/1.11.0/junit-platform-commons-1.11.0.jar:/Users/sharatechnologieslimited/.m2/repository/org/apiguardian/apiguardian-api/1.1.2/apiguardian-api-1.1.2.jar:/Users/sharatechnologieslimited/.m2/repository/org/junit/jupiter/junit-jupiter-params/5.11.0/junit-jupiter-params-5.11.0.jar:/Users/sharatechnologieslimited/.m2/repository/org/seleniumhq/selenium/selenium-java/3.141.0/selenium-java-3.141.0.jar:/Users/sharatechnologieslimited/.m2/repository/org/seleniumhq/selenium/selenium-api/3.141.0/selenium-api-3.141.0.jar:/Users/sharatechnologieslimited/.m2/repository/org/seleniumhq/selenium/selenium-chrome-driver/3.141.0/selenium-chrome-driver-3.141.0.jar:/Users/sharatechnologieslimited/.m2/repository/org/seleniumhq/selenium/selenium-edge-driver/3.141.0/selenium-edge-driver-3.141.0.jar:/Users/sharatechnologieslimited/.m2/repository/org/seleniumhq/selenium/selenium-firefox-driver/3.141.0/selenium-firefox-driver-3.141.0.jar:/Users/sharatechnologieslimited/.m2/repository/org/seleniumhq/selenium/selenium-ie-driver/3.141.0/selenium-ie-driver-3.141.0.jar:/Users/sharatechnologieslimited/.m2/repository/org/seleniumhq/selenium/selenium-opera-driver/3.141.0/selenium-opera-driver-3.141.0.jar:/Users/sharatechnologieslimited/.m2/repository/org/seleniumhq/selenium/selenium-remote-driver/3.141.0/selenium-remote-driver-3.141.0.jar:/Users/sharatechnologieslimited/.m2/repository/org/seleniumhq/selenium/selenium-safari-driver/3.141.0/selenium-safari-driver-3.141.0.jar:/Users/sharatechnologieslimited/.m2/repository/org/seleniumhq/selenium/selenium-support/3.141.0/selenium-support-3.141.0.jar:/Users/sharatechnologieslimited/.m2/repository/net/bytebuddy/byte-buddy/1.8.15/byte-buddy-1.8.15.jar:/Users/sharatechnologieslimited/.m2/repository/org/apache/commons/commons-exec/1.3/commons-exec-1.3.jar:/Users/sharatechnologieslimited/.m2/repository/com/google/guava/guava/25.0-jre/guava-25.0-jre.jar:/Users/sharatechnologieslimited/.m2/repository/com/google/code/findbugs/jsr305/1.3.9/jsr305-1.3.9.jar:/Users/sharatechnologieslimited/.m2/repository/org/checkerframework/checker-compat-qual/2.0.0/checker-compat-qual-2.0.0.jar:/Users/sharatechnologieslimited/.m2/repository/com/google/errorprone/error_prone_annotations/2.1.3/error_prone_annotations-2.1.3.jar:/Users/sharatechnologieslimited/.m2/repository/com/google/j2objc/j2objc-annotations/1.1/j2objc-annotations-1.1.jar:/Users/sharatechnologieslimited/.m2/repository/org/codehaus/mojo/animal-sniffer-annotations/1.14/animal-sniffer-annotations-1.14.jar:/Users/sharatechnologieslimited/.m2/repository/com/squareup/okhttp3/okhttp/3.11.0/okhttp-3.11.0.jar:/Users/sharatechnologieslimited/.m2/repository/com/squareup/okio/okio/1.14.0/okio-1.14.0.jar:"/>
    <property name="sun.cpu.endian" value="little"/>
    <property name="user.home" value="/Users/sharatechnologieslimited"/>
    <property name="user.language" value="en"/>
    <property name="java.specification.vendor" value="Oracle Corporation"/>
    <property name="java.version.date" value="2024-04-16"/>
    <property name="java.home" value="/Library/Java/JavaVirtualMachines/temurin-21.jdk/Contents/Home"/>
    <property name="file.separator" value="/"/>
    <property name="basedir" value="/Users/sharatechnologieslimited/Documents/Testing/selenium"/>
    <property name="java.vm.compressedOopsMode" value="Zero based"/>
    <property name="line.separator" value="&#10;"/>
    <property name="java.vm.specification.vendor" value="Oracle Corporation"/>
    <property name="java.specification.name" value="Java Platform API Specification"/>
    <property name="apple.awt.application.name" value="ForkedBooter"/>
    <property name="surefire.real.class.path" value="/Users/sharatechnologieslimited/Documents/Testing/selenium/target/surefire/surefirebooter-20250520125002926_3.jar"/>
    <property name="sun.management.compiler" value="HotSpot 64-Bit Tiered Compilers"/>
    <property name="ftp.nonProxyHosts" value="local|*.local|169.254/16|*.169.254/16"/>
    <property name="java.runtime.version" value="21.0.3+9-LTS"/>
    <property name="user.name" value="sharatechnologieslimited"/>
    <property name="stdout.encoding" value="UTF-8"/>
    <property name="path.separator" value=":"/>
    <property name="os.version" value="15.4.1"/>
    <property name="java.runtime.name" value="OpenJDK Runtime Environment"/>
    <property name="file.encoding" value="UTF-8"/>
    <property name="java.vm.name" value="OpenJDK 64-Bit Server VM"/>
    <property name="java.vendor.version" value="Temurin-21.0.3+9"/>
    <property name="localRepository" value="/Users/sharatechnologieslimited/.m2/repository"/>
    <property name="java.vendor.url.bug" value="https://github.com/adoptium/adoptium-support/issues"/>
    <property name="java.io.tmpdir" value="/var/folders/9z/8g_4gp2d24b576bjj4mxr85m0000gn/T/"/>
    <property name="java.version" value="21.0.3"/>
    <property name="user.dir" value="/Users/sharatechnologieslimited/Documents/Testing/selenium"/>
    <property name="os.arch" value="aarch64"/>
    <property name="java.vm.specification.name" value="Java Virtual Machine Specification"/>
    <property name="native.encoding" value="UTF-8"/>
    <property name="java.library.path" value="/Users/sharatechnologieslimited/Library/Java/Extensions:/Library/Java/Extensions:/Network/Library/Java/Extensions:/System/Library/Java/Extensions:/usr/lib/java:."/>
    <property name="java.vm.info" value="mixed mode"/>
    <property name="stderr.encoding" value="UTF-8"/>
    <property name="java.vendor" value="Eclipse Adoptium"/>
    <property name="java.vm.version" value="21.0.3+9-LTS"/>
    <property name="sun.io.unicode.encoding" value="UnicodeBig"/>
    <property name="socksNonProxyHosts" value="local|*.local|169.254/16|*.169.254/16"/>
    <property name="java.class.version" value="65.0"/>
  </properties>
  <testcase name="sauceLogin" classname="com.sauceDemo.app.AppTest" time="6.382">
    <system-err><![CDATA[May 20, 2025 12:50:05 PM org.openqa.selenium.remote.ProtocolHandshake createSession
INFO: Detected dialect: W3C
]]></system-err>
  </testcase>
</testsuite>